  autofit.c
  ftbase.c
  ftbbox.c
  ftbdf.c
  ftbitmap.c
  ftcid.c
  ftfstype.c
  ftgasp.c
  ftglyph.c
  ftgxval.c
  ftinit.c
  ftmm.c
  ftotval.c
  ftpatent.c
  ftpfr.c
  ftstroke.c
  ftsynth.c
  fttype1.c
  ftwinfnt.c
  bdf.c
  ftcache.c
  cff.c
  type1cid.c
  dlgwrap.c
  ftgzip.c
  ftlzw.c
  pcf.c
  pfr.c
  psaux.c
  pshinter.c
  psmodule.c
  raster.c
  sfnt.c
  smooth.c
  sdf.c
  svg.c
  truetype.c
C:\Users\fjabad\Desktop\projs\pgupv\deps\freetype-2.13.2\src\sfnt\sfdriver.c(1032,36): warning C4244: 'función': conversión de '__int64' a 'const unsigned int'; posible pérdida de datos
  (compilando archivo de origen "../../../src/sfnt/sfnt.c")
  
  type1.c
  type42.c
  winfnt.c
C:\Users\fjabad\Desktop\projs\pgupv\deps\freetype-2.13.2\src\type1\t1load.c(1779,64): warning C4244: '=': conversión de '__int64' a 'FT_Int'; posible pérdida de datos
  (compilando archivo de origen "../../../src/type1/type1.c")
  
C:\Users\fjabad\Desktop\projs\pgupv\deps\freetype-2.13.2\src\type1\t1load.c(1953,36): warning C4244: '=': conversión de '__int64' a 'FT_Int'; posible pérdida de datos
  (compilando archivo de origen "../../../src/type1/type1.c")
  
C:\Users\fjabad\Desktop\projs\pgupv\deps\freetype-2.13.2\src\type42\t42parse.c(878,62): warning C4244: '=': conversión de '__int64' a 'FT_Int'; posible pérdida de datos
  (compilando archivo de origen "../../../src/type42/type42.c")
  
C:\Users\fjabad\Desktop\projs\pgupv\deps\freetype-2.13.2\src\sfnt\ttcolr.c(729): warning C4706: asignación en la expresión condicional
C:\Users\fjabad\Desktop\projs\pgupv\deps\freetype-2.13.2\src\sfnt\ttcolr.c(777): warning C4706: asignación en la expresión condicional
C:\Users\fjabad\Desktop\projs\pgupv\deps\freetype-2.13.2\src\sfnt\ttcolr.c(839): warning C4706: asignación en la expresión condicional
  ftdebug.c
  ftsystem.c
  freetype.vcxproj -> C:\Users\fjabad\Desktop\projs\pgupv\deps\freetype-2.13.2\objs\x64\Release Static\freetype.lib
